<?xml version="1.0" encoding="UTF-8"?>
<!-- Generated by org.testng.reporters.JUnitXMLReporter -->
<testsuite ignored="0" hostname="DESKTOP-QNHJ5Q7" failures="0" tests="3" name="Test" time="17.887" errors="0" timestamp="2022-11-03T01:58:25 PDT">
  <testcase classname="Excecise1.Log4jExampleOnNOPCom" name="verifyLogin" time="5.411"/>
  <testcase classname="Excecise1.Log4jExampleOnNOPCom" name="verifyAppTitle" time="0.798"/>
  <testcase classname="Excecise1.Log4jExampleOnNOPCom" name="verifyLogout" time="1.153"/>
</testsuite> <!-- Test -->
