<?xml version="1.0" encoding="UTF-8"?>
<testng-results ignored="0" total="3" passed="3" failed="0" skipped="0">
  <reporter-output>
  </reporter-output>
  <suite started-at="2022-11-03T01:58:07 PDT" name="Suite" finished-at="2022-11-03T01:58:25 PDT" duration-ms="17887">
    <groups>
    </groups>
    <test started-at="2022-11-03T01:58:07 PDT" name="Test" finished-at="2022-11-03T01:58:25 PDT" duration-ms="17887">
      <class name="Excecise1.Log4jExampleOnNOPCom">
        <test-method is-config="true" signature="launchApp()[pri:0, instance:Excecise1.Log4jExampleOnNOPCom@14555e0a]" started-at="2022-11-03T01:58:07 PDT" name="launchApp" finished-at="2022-11-03T01:58:12 PDT" duration-ms="5030" status="PASS">
          <reporter-output>
          </reporter-output>
        </test-method> <!-- launchApp -->
        <test-method signature="verifyLogin()[pri:1, instance:Excecise1.Log4jExampleOnNOPCom@14555e0a]" started-at="2022-11-03T01:58:12 PDT" name="verifyLogin" description="Login with valid user crednetails" finished-at="2022-11-03T01:58:17 PDT" duration-ms="5411" status="PASS">
          <reporter-output>
          </reporter-output>
        </test-method> <!-- verifyLogin -->
        <test-method signature="verifyAppTitle()[pri:2, instance:Excecise1.Log4jExampleOnNOPCom@14555e0a]" started-at="2022-11-03T01:58:17 PDT" name="verifyAppTitle" finished-at="2022-11-03T01:58:18 PDT" duration-ms="798" status="PASS">
          <reporter-output>
          </reporter-output>
        </test-method> <!-- verifyAppTitle -->
        <test-method signature="verifyLogout()[pri:3, instance:Excecise1.Log4jExampleOnNOPCom@14555e0a]" started-at="2022-11-03T01:58:18 PDT" name="verifyLogout" finished-at="2022-11-03T01:58:19 PDT" duration-ms="1153" status="PASS">
          <reporter-output>
          </reporter-output>
        </test-method> <!-- verifyLogout -->
        <test-method is-config="true" signature="closingApp()[pri:0, instance:Excecise1.Log4jExampleOnNOPCom@14555e0a]" started-at="2022-11-03T01:58:19 PDT" name="closingApp" finished-at="2022-11-03T01:58:25 PDT" duration-ms="5462" status="PASS">
          <reporter-output>
          </reporter-output>
        </test-method> <!-- closingApp -->
      </class> <!-- Excecise1.Log4jExampleOnNOPCom -->
    </test> <!-- Test -->
  </suite> <!-- Suite -->
</testng-results>
