<?xml version="1.0" encoding="UTF-8"?>
<testsuite xmlns:xsi="http://www.w3.org/2001/XMLSchema-instance" xsi:noNamespaceSchemaLocation="https://maven.apache.org/surefire/maven-surefire-plugin/xsd/surefire-test-report-3.0.xsd" version="3.0" name="TestSuite" time="18.75" tests="3" errors="0" skipped="0" failures="0">
  <properties>
[...]
</properties>
  <testcase name="verifyLogin" classname="Excecise1.Log4jExampleOnNOPCom" time="5.378">
    <system-out><![CDATA[ INFO [main] (BaseTestForLog4JExample.java:30)- launching chrome browser.
 INFO [main] (BaseTestForLog4JExample.java:34)- launching application: https://admin-demo.nopcommerce.com/login?ReturnUrl=%2Fadmin%2F
 INFO [main] (Log4jExampleOnNOPCom.java:13)- clear userName field.
 INFO [main] (Log4jExampleOnNOPCom.java:15)- enter value into userName field: admin@yourstore.com
 INFO [main] (Log4jExampleOnNOPCom.java:17)- clear password field.
 INFO [main] (Log4jExampleOnNOPCom.java:19)- enter value into password field: admin
 INFO [main] (Log4jExampleOnNOPCom.java:22)- click on checkbox RememberMe.
 INFO [main] (Log4jExampleOnNOPCom.java:25)- click on login Button
]]></system-out>
    <system-err><![CDATA[SLF4J: Failed to load class "org.slf4j.impl.StaticLoggerBinder".
SLF4J: Defaulting to no-operation (NOP) logger implementation
SLF4J: See http://www.slf4j.org/codes.html#StaticLoggerBinder for further details.
Starting ChromeDriver 106.0.5249.61 (511755355844955cd3e264779baf0dd38212a4d0-refs/branch-heads/5249@{#569}) on port 9364
Only local connections are allowed.
Please see https://chromedriver.chromium.org/security-considerations for suggestions on keeping ChromeDriver safe.
ChromeDriver was started successfully.
Nov 03, 2022 1:58:10 AM org.openqa.selenium.remote.ProtocolHandshake createSession
INFO: Detected dialect: W3C
]]></system-err>
  </testcase>
  <testcase name="verifyAppTitle" classname="Excecise1.Log4jExampleOnNOPCom" time="0.788">
    <system-out><![CDATA[ INFO [main] (Log4jExampleOnNOPCom.java:32)- Validation of Application title
 INFO [main] (Log4jExampleOnNOPCom.java:33)- Actual Title: Dashboard / nopCommerce administration
]]></system-out>
  </testcase>
  <testcase name="verifyLogout" classname="Excecise1.Log4jExampleOnNOPCom" time="1.15">
    <system-out><![CDATA[ INFO [main] (Log4jExampleOnNOPCom.java:39)- Click on Logout button
]]></system-out>
  </testcase>
</testsuite>